app/build/outputs/logs/manifest-merger-debug-report.txt
-- Merging decision tree log ---
manifest
ADDED from src\main\AndroidManifest.xml:2:1-52:12
	xmlns:android
		ADDED from src\main\AndroidManifest.xml:2:11-69
	package
		ADDED from src\main\AndroidManifest.xml:3:5-44
		INJECTED from src\main\AndroidManifest.xml
		INJECTED from src\main\AndroidManifest.xml
	android:versionName
		INJECTED from src\main\AndroidManifest.xml
		INJECTED from src\main\AndroidManifest.xml
	android:versionCode
		INJECTED from src\main\AndroidManifest.xml
		INJECTED from src\main\AndroidManifest.xml
uses-permission#android.permission.INTERNET
ADDED from src\main\AndroidManifest.xml:4:5-67
	android:name
		ADDED from src\main\AndroidManifest.xml:4:22-64
uses-permission#android.permission.WRITE_EXTERNAL_STORAGE
ADDED from src\main\AndroidManifest.xml:5:5-81
	android:name
		ADDED from src\main\AndroidManifest.xml:5:22-78
uses-permission#android.permission.READ_EXTERNAL_STORAGE
ADDED from src\main\AndroidManifest.xml:6:5-80
	android:name
		ADDED from src\main\AndroidManifest.xml:6:22-77
uses-permission#android.permission.ACCESS_FINE_LOCATION
ADDED from src\main\AndroidManifest.xml:7:5-79
	android:name
		ADDED from src\main\AndroidManifest.xml:7:22-76
application
ADDED from src\main\AndroidManifest.xml:8:5-50:19
MERGED from [com.android.support:appcompat-v7:23.1.1] AndroidManifest.xml:22:5-20
MERGED from [com.android.support:support-v4:23.1.1] AndroidManifest.xml:22:5-20
MERGED from [com.android.support:design:23.1.1] AndroidManifest.xml:22:5-20
MERGED from [com.android.support:appcompat-v7:23.1.1] AndroidManifest.xml:22:5-20
MERGED from [com.android.support:support-v4:23.1.1] AndroidManifest.xml:22:5-20
MERGED from [com.android.support:support-v4:23.1.1] AndroidManifest.xml:22:5-20
MERGED from [com.android.support:support-v4:23.1.1] AndroidManifest.xml:22:5-20
MERGED from [com.android.support:cardview-v7:22.0.0] AndroidManifest.xml:22:5-20
	android:supportsRtl
		ADDED from src\main\AndroidManifest.xml:12:9-35
	android:label
		ADDED from src\main\AndroidManifest.xml:11:9-41
	android:allowBackup
		ADDED from src\main\AndroidManifest.xml:9:9-35
	android:icon
		ADDED from src\main\AndroidManifest.xml:10:9-43
	android:theme
		ADDED from src\main\AndroidManifest.xml:13:9-40
activity#com.example.com.myapplication.SplashScreenActivity
ADDED from src\main\AndroidManifest.xml:14:9-22:20
	android:theme
		ADDED from src\main\AndroidManifest.xml:16:13-51
	android:name
		ADDED from src\main\AndroidManifest.xml:15:13-49
intent-filter#android.intent.action.MAIN+android.intent.category.LAUNCHER
ADDED from src\main\AndroidManifest.xml:17:13-21:29
action#android.intent.action.MAIN
ADDED from src\main\AndroidManifest.xml:18:17-69
	android:name
		ADDED from src\main\AndroidManifest.xml:18:25-66
category#android.intent.category.LAUNCHER
ADDED from src\main\AndroidManifest.xml:20:17-77
	android:name
		ADDED from src\main\AndroidManifest.xml:20:27-74
activity#com.example.com.myapplication.MainActivity
ADDED from src\main\AndroidManifest.xml:23:9-25:58
	android:label
		ADDED from src\main\AndroidManifest.xml:24:13-45
	android:theme
		ADDED from src\main\AndroidManifest.xml:25:13-56
	android:name
		ADDED from src\main\AndroidManifest.xml:23:19-47
activity#com.example.com.myapplication.Lession1Activity
ADDED from src\main\AndroidManifest.xml:26:9-28:59
	android:label
		ADDED from src\main\AndroidManifest.xml:27:13-43
	android:theme
		ADDED from src\main\AndroidManifest.xml:28:13-57
	android:name
		ADDED from src\main\AndroidManifest.xml:26:19-51
activity#com.example.com.myapplication.Lession2Activity
ADDED from src\main\AndroidManifest.xml:29:9-31:59
	android:label
		ADDED from src\main\AndroidManifest.xml:30:13-43
	android:theme
		ADDED from src\main\AndroidManifest.xml:31:13-57
	android:name
		ADDED from src\main\AndroidManifest.xml:29:19-51
activity#com.example.com.myapplication.Lession3Activity
ADDED from src\main\AndroidManifest.xml:32:9-34:59
	android:label
		ADDED from src\main\AndroidManifest.xml:33:13-43
	android:theme
		ADDED from src\main\AndroidManifest.xml:34:13-57
	android:name
		ADDED from src\main\AndroidManifest.xml:32:19-51
activity#com.example.com.myapplication.Lession4Activity
ADDED from src\main\AndroidManifest.xml:35:9-37:59
	android:label
		ADDED from src\main\AndroidManifest.xml:36:13-43
	android:theme
		ADDED from src\main\AndroidManifest.xml:37:13-57
	android:name
		ADDED from src\main\AndroidManifest.xml:35:19-51
activity#com.example.com.myapplication.Lession5Activity
ADDED from src\main\AndroidManifest.xml:38:9-40:59
	android:label
		ADDED from src\main\AndroidManifest.xml:39:13-43
	android:theme
		ADDED from src\main\AndroidManifest.xml:40:13-57
	android:name
		ADDED from src\main\AndroidManifest.xml:38:19-51
activity#com.example.com.myapplication.Lession6Activity
ADDED from src\main\AndroidManifest.xml:41:9-43:59
	android:label
		ADDED from src\main\AndroidManifest.xml:42:13-43
	android:theme
		ADDED from src\main\AndroidManifest.xml:43:13-57
	android:name
		ADDED from src\main\AndroidManifest.xml:41:19-51
activity#com.example.com.myapplication.Lession7Activity
ADDED from src\main\AndroidManifest.xml:44:9-46:59
	android:label
		ADDED from src\main\AndroidManifest.xml:45:13-43
	android:theme
		ADDED from src\main\AndroidManifest.xml:46:13-57
	android:name
		ADDED from src\main\AndroidManifest.xml:44:19-51
activity#com.example.com.myapplication.Lession8Activity
ADDED from src\main\AndroidManifest.xml:47:9-49:59
	android:label
		ADDED from src\main\AndroidManifest.xml:48:13-43
	android:theme
		ADDED from src\main\AndroidManifest.xml:49:13-57
	android:name
		ADDED from src\main\AndroidManifest.xml:47:19-51
uses-sdk
INJECTED from src\main\AndroidManifest.xml reason: use-sdk injection requested
MERGED from [com.android.support:appcompat-v7:23.1.1] AndroidManifest.xml:20:5-43
MERGED from [com.android.support:support-v4:23.1.1] AndroidManifest.xml:20:5-43
MERGED from [com.android.support:design:23.1.1] AndroidManifest.xml:20:5-43
MERGED from [com.android.support:appcompat-v7:23.1.1] AndroidManifest.xml:20:5-43
MERGED from [com.android.support:support-v4:23.1.1] AndroidManifest.xml:20:5-43
MERGED from [com.android.support:recyclerview-v7:23.1.1] AndroidManifest.xml:20:5-43
MERGED from [com.android.support:support-v4:23.1.1] AndroidManifest.xml:20:5-43
MERGED from [com.android.support:support-v4:23.1.1] AndroidManifest.xml:20:5-43
MERGED from [com.android.support:cardview-v7:22.0.0] AndroidManifest.xml:20:5-43
	android:targetSdkVersion
		INJECTED from src\main\AndroidManifest.xml
		INJECTED from src\main\AndroidManifest.xml
	android:minSdkVersion
		INJECTED from src\main\AndroidManifest.xml
		INJECTED from src\main\AndroidManifest.xml